<?xml version="1.0" encoding="UTF-8"?>
<!-- Generated by org.testng.reporters.JUnitXMLReporter -->
<testsuite hostname="DESKTOP-R0GNJAC" ignored="0" name="Rest API regression Test" tests="13" failures="0" timestamp="09 Sep 2020 08:46:08 GMT" time="17.595" errors="0">
  <testcase name="createUserAPIPOSTTest" time="5.053" classname="com.qa.api.gorest.tests.CreateUserTest"/>
  <testcase name="createUserAPIPOSTTest" time="0.816" classname="com.qa.api.gorest.tests.CreateUserTest"/>
  <testcase name="createUserAPIPOSTTest" time="0.967" classname="com.qa.api.gorest.tests.CreateUserTest"/>
  <testcase name="uploadImagePostAPITest" time="2.382" classname="com.qa.api.gorest.tests.GetImgurAPITest"/>
  <testcase name="createUserAPIPOSTTest" time="0.844" classname="com.qa.api.gorest.tests.CreateUserTest"/>
  <testcase name="createUserAPIPOSTTest" time="0.395" classname="com.qa.api.gorest.tests.CreateUserTest"/>
  <testcase name="createUserAPIPOSTTest" time="0.442" classname="com.qa.api.gorest.tests.CreateUserTest"/>
  <testcase name="createUserAPIPOSTTest" time="0.557" classname="com.qa.api.gorest.tests.CreateUserTest"/>
  <testcase name="createUserAPIPOSTTest" time="0.696" classname="com.qa.api.gorest.tests.CreateUserTest"/>
  <testcase name="getAllUserListAPITest" time="0.719" classname="com.qa.api.gorest.tests.GetUserTest"/>
  <testcase name="getAccountBlockStatusTest" time="1.438" classname="com.qa.api.gorest.tests.GetImgurAPITest"/>
  <testcase name="getUserWithQueryParamsAPITest" time="0.511" classname="com.qa.api.gorest.tests.GetUserTest"/>
  <testcase name="getAccountImagesTest" time="0.909" classname="com.qa.api.gorest.tests.GetImgurAPITest"/>
</testsuite> <!-- Rest API regression Test -->
