<?xml version="1.0" encoding="UTF-8"?>
<!-- Generated by org.testng.reporters.JUnitXMLReporter -->
<testsuite hostname="DESKTOP-R0GNJAC" ignored="0" name="Rest API regression Test" tests="13" failures="0" timestamp="08 Sep 2020 07:03:41 GMT" time="41.88" errors="0">
  <testcase name="createUserAPIPOSTTest" time="5.754" classname="com.qa.api.gorest.tests.CreateUserTest"/>
  <testcase name="createUserAPIPOSTTest" time="3.35" classname="com.qa.api.gorest.tests.CreateUserTest"/>
  <testcase name="getAccountBlockStatusTest" time="5.021" classname="com.qa.api.gorest.tests.GetImgurAPITest"/>
  <testcase name="createUserAPIPOSTTest" time="3.599" classname="com.qa.api.gorest.tests.CreateUserTest"/>
  <testcase name="createUserAPIPOSTTest" time="4.328" classname="com.qa.api.gorest.tests.CreateUserTest"/>
  <testcase name="createUserAPIPOSTTest" time="2.404" classname="com.qa.api.gorest.tests.CreateUserTest"/>
  <testcase name="getAccountImagesTest" time="3.926" classname="com.qa.api.gorest.tests.GetImgurAPITest"/>
  <testcase name="createUserAPIPOSTTest" time="3.816" classname="com.qa.api.gorest.tests.CreateUserTest"/>
  <testcase name="createUserAPIPOSTTest" time="3.778" classname="com.qa.api.gorest.tests.CreateUserTest"/>
  <testcase name="createUserAPIPOSTTest" time="3.188" classname="com.qa.api.gorest.tests.CreateUserTest"/>
  <testcase name="uploadImagePostAPITest" time="6.028" classname="com.qa.api.gorest.tests.GetImgurAPITest"/>
  <testcase name="getAllUserListAPITest" time="3.508" classname="com.qa.api.gorest.tests.GetUserTest"/>
  <testcase name="getUserWithQueryParamsAPITest" time="3.811" classname="com.qa.api.gorest.tests.GetUserTest"/>
</testsuite> <!-- Rest API regression Test -->
