<?xml version="1.0" encoding="UTF-8"?>
<testng-results skipped="0" failed="0" ignored="1" total="2" passed="1">
  <reporter-output>
  </reporter-output>
  <suite name="Default suite" duration-ms="2907" started-at="2020-08-31T19:57:27Z" finished-at="2020-08-31T19:57:30Z">
    <groups>
    </groups>
    <test name="Default test" duration-ms="2907" started-at="2020-08-31T19:57:27Z" finished-at="2020-08-31T19:57:30Z">
      <class name="com.qa.api.gorest.tests.GetUserTest">
        <test-method status="PASS" signature="getUserWithQueryParamsAPITest()[pri:2, instance:com.qa.api.gorest.tests.GetUserTest@77caeb3e]" name="getUserWithQueryParamsAPITest" duration-ms="2857" started-at="2020-08-31T19:57:27Z" finished-at="2020-08-31T19:57:29Z">
          <reporter-output>
          </reporter-output>
        </test-method> <!-- getUserWithQueryParamsAPITest -->
      </class> <!-- com.qa.api.gorest.tests.GetUserTest -->
    </test> <!-- Default test -->
  </suite> <!-- Default suite -->
</testng-results>
