<?xml version="1.0" encoding="UTF-8"?>
<testng-results skipped="0" failed="0" ignored="0" total="13" passed="13">
  <reporter-output>
  </reporter-output>
  <suite name="Rest API Test Suite" duration-ms="41880" started-at="2020-09-08T07:03:00Z" finished-at="2020-09-08T07:03:41Z">
    <groups>
    </groups>
    <test name="Rest API regression Test" duration-ms="41880" started-at="2020-09-08T07:03:00Z" finished-at="2020-09-08T07:03:41Z">
      <class name="com.qa.api.gorest.tests.CreateUserTest">
        <test-method status="PASS" signature="createUserAPIPOSTTest(java.lang.String, java.lang.String, java.lang.String, java.lang.String)[pri:0, instance:com.qa.api.gorest.tests.CreateUserTest@4b53f538]" name="createUserAPIPOSTTest" duration-ms="5754" started-at="2020-09-08T07:03:02Z" data-provider="getUserData" finished-at="2020-09-08T07:03:08Z">
          <params>
            <param index="0">
              <value>
                <![CDATA[Priya]]>
              </value>
            </param>
            <param index="1">
              <value>
                <![CDATA[priya@msn.usa123]]>
              </value>
            </param>
            <param index="2">
              <value>
                <![CDATA[Female]]>
              </value>
            </param>
            <param index="3">
              <value>
                <![CDATA[Active]]>
              </value>
            </param>
          </params>
          <reporter-output>
          </reporter-output>
        </test-method> <!-- createUserAPIPOSTTest -->
        <test-method status="PASS" signature="createUserAPIPOSTTest(java.lang.String, java.lang.String, java.lang.String, java.lang.String)[pri:0, instance:com.qa.api.gorest.tests.CreateUserTest@4b53f538]" name="createUserAPIPOSTTest" duration-ms="3350" started-at="2020-09-08T07:03:08Z" data-provider="getUserData" finished-at="2020-09-08T07:03:11Z">
          <params>
            <param index="0">
              <value>
                <![CDATA[Neha]]>
              </value>
            </param>
            <param index="1">
              <value>
                <![CDATA[neha008b@12gmail.com]]>
              </value>
            </param>
            <param index="2">
              <value>
                <![CDATA[Female]]>
              </value>
            </param>
            <param index="3">
              <value>
                <![CDATA[Active]]>
              </value>
            </param>
          </params>
          <reporter-output>
          </reporter-output>
        </test-method> <!-- createUserAPIPOSTTest -->
        <test-method status="PASS" signature="createUserAPIPOSTTest(java.lang.String, java.lang.String, java.lang.String, java.lang.String)[pri:0, instance:com.qa.api.gorest.tests.CreateUserTest@4b53f538]" name="createUserAPIPOSTTest" duration-ms="3599" started-at="2020-09-08T07:03:11Z" data-provider="getUserData" finished-at="2020-09-08T07:03:15Z">
          <params>
            <param index="0">
              <value>
                <![CDATA[peeyush]]>
              </value>
            </param>
            <param index="1">
              <value>
                <![CDATA[peeyush@yah12oo.india]]>
              </value>
            </param>
            <param index="2">
              <value>
                <![CDATA[Male]]>
              </value>
            </param>
            <param index="3">
              <value>
                <![CDATA[Inactive]]>
              </value>
            </param>
          </params>
          <reporter-output>
          </reporter-output>
        </test-method> <!-- createUserAPIPOSTTest -->
        <test-method status="PASS" signature="createUserAPIPOSTTest(java.lang.String, java.lang.String, java.lang.String, java.lang.String)[pri:0, instance:com.qa.api.gorest.tests.CreateUserTest@4b53f538]" name="createUserAPIPOSTTest" duration-ms="4328" started-at="2020-09-08T07:03:15Z" data-provider="getUserData" finished-at="2020-09-08T07:03:19Z">
          <params>
            <param index="0">
              <value>
                <![CDATA[manoj]]>
              </value>
            </param>
            <param index="1">
              <value>
                <![CDATA[manoj_verma@yahoo.g12.india]]>
              </value>
            </param>
            <param index="2">
              <value>
                <![CDATA[Male]]>
              </value>
            </param>
            <param index="3">
              <value>
                <![CDATA[Active]]>
              </value>
            </param>
          </params>
          <reporter-output>
          </reporter-output>
        </test-method> <!-- createUserAPIPOSTTest -->
        <test-method status="PASS" signature="createUserAPIPOSTTest(java.lang.String, java.lang.String, java.lang.String, java.lang.String)[pri:0, instance:com.qa.api.gorest.tests.CreateUserTest@4b53f538]" name="createUserAPIPOSTTest" duration-ms="2404" started-at="2020-09-08T07:03:19Z" data-provider="getUserData" finished-at="2020-09-08T07:03:21Z">
          <params>
            <param index="0">
              <value>
                <![CDATA[pallavi]]>
              </value>
            </param>
            <param index="1">
              <value>
                <![CDATA[pallavi.india@ac.indiaa.in]]>
              </value>
            </param>
            <param index="2">
              <value>
                <![CDATA[Female]]>
              </value>
            </param>
            <param index="3">
              <value>
                <![CDATA[Inactive]]>
              </value>
            </param>
          </params>
          <reporter-output>
          </reporter-output>
        </test-method> <!-- createUserAPIPOSTTest -->
        <test-method status="PASS" signature="createUserAPIPOSTTest(java.lang.String, java.lang.String, java.lang.String, java.lang.String)[pri:0, instance:com.qa.api.gorest.tests.CreateUserTest@4b53f538]" name="createUserAPIPOSTTest" duration-ms="3816" started-at="2020-09-08T07:03:21Z" data-provider="getUserData" finished-at="2020-09-08T07:03:25Z">
          <params>
            <param index="0">
              <value>
                <![CDATA[Sampath]]>
              </value>
            </param>
            <param index="1">
              <value>
                <![CDATA[Sampath@hotmail.ind1.us]]>
              </value>
            </param>
            <param index="2">
              <value>
                <![CDATA[Male]]>
              </value>
            </param>
            <param index="3">
              <value>
                <![CDATA[Active]]>
              </value>
            </param>
          </params>
          <reporter-output>
          </reporter-output>
        </test-method> <!-- createUserAPIPOSTTest -->
        <test-method status="PASS" signature="createUserAPIPOSTTest(java.lang.String, java.lang.String, java.lang.String, java.lang.String)[pri:0, instance:com.qa.api.gorest.tests.CreateUserTest@4b53f538]" name="createUserAPIPOSTTest" duration-ms="3778" started-at="2020-09-08T07:03:25Z" data-provider="getUserData" finished-at="2020-09-08T07:03:29Z">
          <params>
            <param index="0">
              <value>
                <![CDATA[ramesh]]>
              </value>
            </param>
            <param index="1">
              <value>
                <![CDATA[ramesh.r123g@google.india]]>
              </value>
            </param>
            <param index="2">
              <value>
                <![CDATA[Male]]>
              </value>
            </param>
            <param index="3">
              <value>
                <![CDATA[Inactive]]>
              </value>
            </param>
          </params>
          <reporter-output>
          </reporter-output>
        </test-method> <!-- createUserAPIPOSTTest -->
        <test-method status="PASS" signature="createUserAPIPOSTTest(java.lang.String, java.lang.String, java.lang.String, java.lang.String)[pri:0, instance:com.qa.api.gorest.tests.CreateUserTest@4b53f538]" name="createUserAPIPOSTTest" duration-ms="3188" started-at="2020-09-08T07:03:29Z" data-provider="getUserData" finished-at="2020-09-08T07:03:32Z">
          <params>
            <param index="0">
              <value>
                <![CDATA[aditya]]>
              </value>
            </param>
            <param index="1">
              <value>
                <![CDATA[aditya@yahoo.us.in]]>
              </value>
            </param>
            <param index="2">
              <value>
                <![CDATA[Male]]>
              </value>
            </param>
            <param index="3">
              <value>
                <![CDATA[Active]]>
              </value>
            </param>
          </params>
          <reporter-output>
          </reporter-output>
        </test-method> <!-- createUserAPIPOSTTest -->
      </class> <!-- com.qa.api.gorest.tests.CreateUserTest -->
      <class name="com.qa.api.gorest.tests.GetImgurAPITest">
        <test-method status="PASS" signature="setUp()[pri:0, instance:com.qa.api.gorest.tests.GetImgurAPITest@4bb4de6a]" name="setUp" is-config="true" duration-ms="8891" started-at="2020-09-08T07:03:00Z" finished-at="2020-09-08T07:03:08Z">
          <reporter-output>
          </reporter-output>
        </test-method> <!-- setUp -->
        <test-method status="PASS" signature="getAccountBlockStatusTest()[pri:0, instance:com.qa.api.gorest.tests.GetImgurAPITest@4bb4de6a]" name="getAccountBlockStatusTest" duration-ms="5021" started-at="2020-09-08T07:03:08Z" finished-at="2020-09-08T07:03:14Z">
          <reporter-output>
          </reporter-output>
        </test-method> <!-- getAccountBlockStatusTest -->
        <test-method status="PASS" signature="setUp()[pri:0, instance:com.qa.api.gorest.tests.GetImgurAPITest@4bb4de6a]" name="setUp" is-config="true" duration-ms="5194" started-at="2020-09-08T07:03:14Z" finished-at="2020-09-08T07:03:19Z">
          <reporter-output>
          </reporter-output>
        </test-method> <!-- setUp -->
        <test-method status="PASS" signature="getAccountImagesTest()[pri:0, instance:com.qa.api.gorest.tests.GetImgurAPITest@4bb4de6a]" name="getAccountImagesTest" duration-ms="3926" started-at="2020-09-08T07:03:19Z" finished-at="2020-09-08T07:03:23Z">
          <reporter-output>
          </reporter-output>
        </test-method> <!-- getAccountImagesTest -->
        <test-method status="PASS" signature="setUp()[pri:0, instance:com.qa.api.gorest.tests.GetImgurAPITest@4bb4de6a]" name="setUp" is-config="true" duration-ms="5372" started-at="2020-09-08T07:03:23Z" finished-at="2020-09-08T07:03:28Z">
          <reporter-output>
          </reporter-output>
        </test-method> <!-- setUp -->
        <test-method status="PASS" signature="uploadImagePostAPITest()[pri:0, instance:com.qa.api.gorest.tests.GetImgurAPITest@4bb4de6a]" name="uploadImagePostAPITest" duration-ms="6028" started-at="2020-09-08T07:03:28Z" finished-at="2020-09-08T07:03:34Z">
          <reporter-output>
          </reporter-output>
        </test-method> <!-- uploadImagePostAPITest -->
      </class> <!-- com.qa.api.gorest.tests.GetImgurAPITest -->
      <class name="com.qa.api.gorest.tests.GetUserTest">
        <test-method status="PASS" signature="getAllUserListAPITest()[pri:1, instance:com.qa.api.gorest.tests.GetUserTest@134593bf]" name="getAllUserListAPITest" duration-ms="3508" started-at="2020-09-08T07:03:34Z" finished-at="2020-09-08T07:03:38Z">
          <reporter-output>
          </reporter-output>
        </test-method> <!-- getAllUserListAPITest -->
        <test-method status="PASS" signature="getUserWithQueryParamsAPITest()[pri:2, instance:com.qa.api.gorest.tests.GetUserTest@134593bf]" name="getUserWithQueryParamsAPITest" duration-ms="3811" started-at="2020-09-08T07:03:38Z" finished-at="2020-09-08T07:03:41Z">
          <reporter-output>
          </reporter-output>
        </test-method> <!-- getUserWithQueryParamsAPITest -->
      </class> <!-- com.qa.api.gorest.tests.GetUserTest -->
    </test> <!-- Rest API regression Test -->
  </suite> <!-- Rest API Test Suite -->
</testng-results>
